<?xml version="1.0" encoding="UTF-8"?>
<coverage generated="1687387063539" clover="3.2.0">
  <project timestamp="1687387063539" name="All files">
    <metrics statements="17" coveredstatements="12" conditionals="4" coveredconditionals="1" methods="3" coveredmethods="3" elements="24" coveredelements="16" complexity="0" loc="17" ncloc="17" packages="1" files="1" classes="1"/>
    <file name="pigDice.js" path="/Users/Guest/Desktop/pig-dice/src/pigDice.js">
      <metrics statements="17" coveredstatements="12" conditionals="4" coveredconditionals="1" methods="3" coveredmethods="3"/>
      <line num="2" count="3" type="stmt"/>
      <line num="3" count="3" type="stmt"/>
      <line num="4" count="3" type="stmt"/>
      <line num="5" count="3" type="stmt"/>
      <line num="6" count="3" type="stmt"/>
      <line num="7" count="3" type="stmt"/>
      <line num="12" count="3" type="stmt"/>
      <line num="15" count="1" type="stmt"/>
      <line num="16" count="1" type="stmt"/>
      <line num="17" count="1" type="stmt"/>
      <line num="18" count="1" type="stmt"/>
      <line num="19" count="1" type="cond" truecount="1" falsecount="1"/>
      <line num="20" count="0" type="cond" truecount="0" falsecount="2"/>
      <line num="21" count="0" type="stmt"/>
      <line num="22" count="0" type="stmt"/>
      <line num="23" count="0" type="stmt"/>
      <line num="25" count="0" type="stmt"/>
    </file>
  </project>
</coverage>
