{"/Users/Guest/Desktop/pig-dice/src/pigDice.js": {"path":"/Users/Guest/Desktop/pig-dice/src/pigDice.js","statementMap":{"0":{"start":{"line":2,"column":4},"end":{"line":2,"column":22}},"1":{"start":{"line":3,"column":4},"end":{"line":3,"column":31}},"2":{"start":{"line":4,"column":4},"end":{"line":4,"column":31}},"3":{"start":{"line":5,"column":4},"end":{"line":5,"column":34}},"4":{"start":{"line":6,"column":4},"end":{"line":6,"column":33}},"5":{"start":{"line":7,"column":4},"end":{"line":7,"column":33}},"6":{"start":{"line":12,"column":4},"end":{"line":12,"column":21}},"7":{"start":{"line":15,"column":0},"end":{"line":53,"column":1}},"8":{"start":{"line":16,"column":20},"end":{"line":16,"column":21}},"9":{"start":{"line":17,"column":19},"end":{"line":17,"column":52}},"10":{"start":{"line":18,"column":4},"end":{"line":18,"column":26}},"11":{"start":{"line":19,"column":9},"end":{"line":52,"column":9}},"12":{"start":{"line":20,"column":12},"end":{"line":33,"column":13}},"13":{"start":{"line":21,"column":16},"end":{"line":21,"column":29}},"14":{"start":{"line":22,"column":16},"end":{"line":22,"column":90}},"15":{"start":{"line":23,"column":16},"end":{"line":23,"column":48}},"16":{"start":{"line":24,"column":13},"end":{"line":24,"column":33}},"17":{"start":{"line":25,"column":16},"end":{"line":25,"column":53}},"18":{"start":{"line":27,"column":17},"end":{"line":33,"column":13}},"19":{"start":{"line":28,"column":16},"end":{"line":28,"column":29}},"20":{"start":{"line":29,"column":16},"end":{"line":29,"column":90}},"21":{"start":{"line":30,"column":16},"end":{"line":30,"column":48}},"22":{"start":{"line":31,"column":16},"end":{"line":31,"column":36}},"23":{"start":{"line":32,"column":16},"end":{"line":32,"column":53}},"24":{"start":{"line":36,"column":13},"end":{"line":52,"column":9}},"25":{"start":{"line":37,"column":12},"end":{"line":51,"column":13}},"26":{"start":{"line":38,"column":16},"end":{"line":38,"column":36}},"27":{"start":{"line":39,"column":16},"end":{"line":39,"column":80}},"28":{"start":{"line":40,"column":16},"end":{"line":40,"column":48}},"29":{"start":{"line":42,"column":16},"end":{"line":42,"column":53}},"30":{"start":{"line":45,"column":17},"end":{"line":51,"column":13}},"31":{"start":{"line":46,"column":16},"end":{"line":46,"column":36}},"32":{"start":{"line":47,"column":16},"end":{"line":47,"column":90}},"33":{"start":{"line":48,"column":16},"end":{"line":48,"column":48}},"34":{"start":{"line":50,"column":16},"end":{"line":50,"column":53}},"35":{"start":{"line":60,"column":0},"end":{"line":68,"column":1}},"36":{"start":{"line":61,"column":4},"end":{"line":66,"column":5}},"37":{"start":{"line":62,"column":8},"end":{"line":62,"column":53}},"38":{"start":{"line":64,"column":9},"end":{"line":66,"column":5}},"39":{"start":{"line":65,"column":8},"end":{"line":65,"column":53}},"40":{"start":{"line":67,"column":4},"end":{"line":67,"column":34}}},"fnMap":{"0":{"name":"Game","decl":{"start":{"line":1,"column":16},"end":{"line":1,"column":20}},"loc":{"start":{"line":1,"column":42},"end":{"line":8,"column":1}},"line":1},"1":{"name":"GamePlay","decl":{"start":{"line":9,"column":16},"end":{"line":9,"column":24}},"loc":{"start":{"line":9,"column":30},"end":{"line":13,"column":1}},"line":9},"2":{"name":"(anonymous_2)","decl":{"start":{"line":15,"column":26},"end":{"line":15,"column":27}},"loc":{"start":{"line":15,"column":36},"end":{"line":53,"column":1}},"line":15},"3":{"name":"(anonymous_3)","decl":{"start":{"line":60,"column":34},"end":{"line":60,"column":35}},"loc":{"start":{"line":60,"column":45},"end":{"line":68,"column":1}},"line":60}},"branchMap":{"0":{"loc":{"start":{"line":19,"column":9},"end":{"line":52,"column":9}},"type":"if","locations":[{"start":{"line":19,"column":9},"end":{"line":52,"column":9}},{"start":{"line":19,"column":9},"end":{"line":52,"column":9}}],"line":19},"1":{"loc":{"start":{"line":20,"column":12},"end":{"line":33,"column":13}},"type":"if","locations":[{"start":{"line":20,"column":12},"end":{"line":33,"column":13}},{"start":{"line":20,"column":12},"end":{"line":33,"column":13}}],"line":20},"2":{"loc":{"start":{"line":27,"column":17},"end":{"line":33,"column":13}},"type":"if","locations":[{"start":{"line":27,"column":17},"end":{"line":33,"column":13}},{"start":{"line":27,"column":17},"end":{"line":33,"column":13}}],"line":27},"3":{"loc":{"start":{"line":36,"column":13},"end":{"line":52,"column":9}},"type":"if","locations":[{"start":{"line":36,"column":13},"end":{"line":52,"column":9}},{"start":{"line":36,"column":13},"end":{"line":52,"column":9}}],"line":36},"4":{"loc":{"start":{"line":37,"column":12},"end":{"line":51,"column":13}},"type":"if","locations":[{"start":{"line":37,"column":12},"end":{"line":51,"column":13}},{"start":{"line":37,"column":12},"end":{"line":51,"column":13}}],"line":37},"5":{"loc":{"start":{"line":45,"column":17},"end":{"line":51,"column":13}},"type":"if","locations":[{"start":{"line":45,"column":17},"end":{"line":51,"column":13}},{"start":{"line":45,"column":17},"end":{"line":51,"column":13}}],"line":45},"6":{"loc":{"start":{"line":61,"column":4},"end":{"line":66,"column":5}},"type":"if","locations":[{"start":{"line":61,"column":4},"end":{"line":66,"column":5}},{"start":{"line":61,"column":4},"end":{"line":66,"column":5}}],"line":61},"7":{"loc":{"start":{"line":64,"column":9},"end":{"line":66,"column":5}},"type":"if","locations":[{"start":{"line":64,"column":9},"end":{"line":66,"column":5}},{"start":{"line":64,"column":9},"end":{"line":66,"column":5}}],"line":64}},"s":{"0":4,"1":4,"2":4,"3":4,"4":4,"5":4,"6":4,"7":1,"8":1,"9":1,"10":1,"11":1,"12":0,"13":0,"14":0,"15":0,"16":0,"17":0,"18":0,"19":0,"20":0,"21":0,"22":0,"23":0,"24":1,"25":1,"26":1,"27":1,"28":1,"29":1,"30":0,"31":0,"32":0,"33":0,"34":0,"35":1,"36":1,"37":1,"38":0,"39":0,"40":1},"f":{"0":4,"1":4,"2":1,"3":1},"b":{"0":[0,1],"1":[0,0],"2":[0,0],"3":[1,0],"4":[1,0],"5":[0,0],"6":[1,0],"7":[0,0]},"_coverageSchema":"43e27e138ebf9cfc5966b082cf9a028302ed4184","hash":"bf2d42bba39ed00015acca7e0e542f393ac93a21"}
}
