TN:
SF:/Users/Guest/Desktop/pig-dice/src/pigDice.js
FN:1,Game
FN:9,GamePlay
FN:15,(anonymous_2)
FN:60,(anonymous_3)
FNF:4
FNH:4
FNDA:4,Game
FNDA:4,GamePlay
FNDA:1,(anonymous_2)
FNDA:1,(anonymous_3)
DA:2,4
DA:3,4
DA:4,4
DA:5,4
DA:6,4
DA:7,4
DA:12,4
DA:15,1
DA:16,1
DA:17,1
DA:18,1
DA:19,1
DA:20,0
DA:21,0
DA:22,0
DA:23,0
DA:24,0
DA:25,0
DA:27,0
DA:28,0
DA:29,0
DA:30,0
DA:31,0
DA:32,0
DA:36,1
DA:37,1
DA:38,1
DA:39,1
DA:40,1
DA:42,1
DA:45,0
DA:46,0
DA:47,0
DA:48,0
DA:50,0
DA:60,1
DA:61,1
DA:62,1
DA:64,0
DA:65,0
DA:67,1
LF:41
LH:22
BRDA:19,0,0,0
BRDA:19,0,1,1
BRDA:20,1,0,0
BRDA:20,1,1,0
BRDA:27,2,0,0
BRDA:27,2,1,0
BRDA:36,3,0,1
BRDA:36,3,1,0
BRDA:37,4,0,1
BRDA:37,4,1,0
BRDA:45,5,0,0
BRDA:45,5,1,0
BRDA:61,6,0,1
BRDA:61,6,1,0
BRDA:64,7,0,0
BRDA:64,7,1,0
BRF:16
BRH:4
end_of_record
